<?xml version="1.0" encoding="UTF-8"?>
<!-- Generated by org.testng.reporters.JUnitXMLReporter -->
<testsuite hostname="DESKTOP-F2TGJ1K" failures="0" tests="1" name="Test" time="0.093" errors="0" timestamp="7 Sep 2021 13:04:55 GMT">
  <testcase classname="test.PatientLoginTest" name="@BeforeClass initialize" time="0.0">
    <failure type="java.lang.IllegalStateException" message="The driver executable does not exist: C:\usr\bin\chromedriver">
      <![CDATA[java.lang.IllegalStateException: The driver executable does not exist: C:\usr\bin\chromedriver
	at com.google.common.base.Preconditions.checkState(Preconditions.java:585)
	at org.openqa.selenium.remote.service.DriverService.checkExecutable(DriverService.java:146)
	at org.openqa.selenium.remote.service.DriverService.findExecutable(DriverService.java:141)
	at org.openqa.selenium.chrome.ChromeDriverService.access$000(ChromeDriverService.java:35)
	at org.openqa.selenium.chrome.ChromeDriverService$Builder.findDefaultExecutable(ChromeDriverService.java:159)
	at org.openqa.selenium.remote.service.DriverService$Builder.build(DriverService.java:355)
	at org.openqa.selenium.chrome.ChromeDriverService.createDefaultService(ChromeDriverService.java:94)
	at org.openqa.selenium.chrome.ChromeDriver.<init>(ChromeDriver.java:157)
	at pages.TestBase.initialize(TestBase.java:36)
	at java.base/java.util.concurrent.FutureTask.run(FutureTask.java:264)
	at java.base/java.util.concurrent.ThreadPoolExecutor.runWorker(ThreadPoolExecutor.java:1130)
	at java.base/java.util.concurrent.ThreadPoolExecutor$Worker.run(ThreadPoolExecutor.java:630)
	at java.base/java.lang.Thread.run(Thread.java:831)
... Removed 16 stack frames]]>
    </failure>
  </testcase> <!-- @BeforeClass initialize -->
  <testcase classname="test.PatientLoginTest" name="@AfterClass TeardownTest" time="0.0">
    <skipped/>
  </testcase> <!-- @AfterClass TeardownTest -->
  <testcase classname="test.PatientLoginTest" name="loginTest" time="0.001">
    <skipped/>
  </testcase> <!-- loginTest -->
</testsuite> <!-- Test -->
